2025-01-28 00:01:44,532 INFO [main]	register protocol:1 success
2025-01-28 00:01:44,658 INFO [main]	register protocol:29 success
2025-01-28 00:01:44,665 INFO [main]	register protocol:4 success
2025-01-28 00:01:44,671 INFO [main]	register protocol:3 success
2025-01-28 00:01:44,676 INFO [main]	register protocol:31 success
2025-01-28 00:01:44,679 INFO [main]	register protocol:28 success
2025-01-28 00:01:44,683 INFO [main]	register protocol:32 success
2025-01-28 00:01:44,684 INFO [main]	register protocol:33 success
2025-01-28 00:01:44,687 INFO [main]	register protocol:30 success
2025-01-28 00:01:44,688 INFO [main]	register load balance factory:RandomLoadBalanceFactory success
2025-01-28 00:01:44,689 INFO [main]	register load balance factory:RoundRobinLoadBalanceFactory success
2025-01-28 00:01:44,689 INFO [main]	register load balance factory:WeightLoadBalanceFactory success
2025-01-28 00:01:44,690 INFO [main]	register load balance factory:FairLoadBalanceFactory success
2025-01-28 00:01:44,699 INFO [main]	create thread:server-work-thread-1
2025-01-28 00:01:44,702 INFO [main]	create thread:server-work-thread-2
2025-01-28 00:01:44,704 INFO [main]	create thread:server-work-thread-3
2025-01-28 00:01:44,706 INFO [main]	create thread:server-work-thread-4
2025-01-28 00:01:44,706 INFO [main]	create thread:server-work-thread-5
2025-01-28 00:01:44,707 INFO [main]	create thread:server-work-thread-6
2025-01-28 00:01:44,707 INFO [main]	create thread:server-work-thread-7
2025-01-28 00:01:44,707 INFO [main]	create thread:server-work-thread-8
2025-01-28 00:01:44,707 INFO [main]	create thread:server-work-thread-9
2025-01-28 00:01:44,708 INFO [main]	create thread:server-work-thread-10
2025-01-28 00:01:44,708 INFO [main]	create thread:server-work-thread-11
2025-01-28 00:01:44,709 INFO [main]	create thread:server-work-thread-12
2025-01-28 00:01:44,711 INFO [main]	create thread:server-work-thread-13
2025-01-28 00:01:44,711 INFO [main]	create thread:server-work-thread-14
2025-01-28 00:01:44,712 INFO [main]	create thread:server-work-thread-15
2025-01-28 00:01:44,712 INFO [main]	create thread:server-work-thread-16
2025-01-28 00:01:44,717 INFO [main]	create thread:server-work-thread-17
2025-01-28 00:01:44,717 INFO [main]	create thread:server-work-thread-18
2025-01-28 00:01:44,719 INFO [main]	create thread:server-work-thread-19
2025-01-28 00:01:44,719 INFO [main]	create thread:server-work-thread-20
2025-01-28 00:01:44,792 INFO [main]	use jdk nio event mode
2025-01-28 00:01:44,856 INFO [main]	create thread:timeout-timer-thread-1
2025-01-28 00:01:44,879 WARN [main]	meta file not exist, name=./data/snapshot/metadata
2025-01-28 00:01:45,443 INFO [main]	register service, serviceName=com.github.raftimpl.raft.service.RaftConsensusService, methodName=appendEntries
2025-01-28 00:01:45,445 INFO [main]	register service, serviceName=com.github.raftimpl.raft.service.RaftConsensusService, methodName=preVote
2025-01-28 00:01:45,447 INFO [main]	register service, serviceName=com.github.raftimpl.raft.service.RaftConsensusService, methodName=requestVote
2025-01-28 00:01:45,455 INFO [main]	register service, serviceName=com.github.raftimpl.raft.service.RaftConsensusService, methodName=installSnap
2025-01-28 00:01:45,462 INFO [main]	register service, serviceName=com.github.raftimpl.raft.service.RaftConsensusService, methodName=getLeaderCommitIndex
2025-01-28 00:01:45,489 INFO [main]	register service, serviceName=com.github.raftimpl.raft.service.RaftClientService, methodName=getConfig
2025-01-28 00:01:45,495 INFO [main]	register service, serviceName=com.github.raftimpl.raft.service.RaftClientService, methodName=getNowLeader
2025-01-28 00:01:45,502 INFO [main]	register service, serviceName=com.github.raftimpl.raft.service.RaftClientService, methodName=removeStoragePeers
2025-01-28 00:01:45,516 INFO [main]	register service, serviceName=com.github.raftimpl.raft.service.RaftClientService, methodName=addStoragePeers
2025-01-28 00:01:45,537 INFO [main]	register service, serviceName=com.github.raftimpl.raft.example.server.service.ExampleService, methodName=get
2025-01-28 00:01:45,544 INFO [main]	register service, serviceName=com.github.raftimpl.raft.example.server.service.ExampleService, methodName=set
2025-01-28 00:01:45,687 INFO [main]	create thread:server-acceptor-thread-1
2025-01-28 00:01:45,715 INFO [Thread-1]	Brpc do clean work...
2025-01-28 00:01:45,716 INFO [Thread-1]	invoke shutdownGlobalThreadPools
2025-01-28 00:02:32,035 INFO [main]	register protocol:1 success
2025-01-28 00:02:32,163 INFO [main]	register protocol:29 success
2025-01-28 00:02:32,171 INFO [main]	register protocol:4 success
2025-01-28 00:02:32,180 INFO [main]	register protocol:3 success
2025-01-28 00:02:32,183 INFO [main]	register protocol:31 success
2025-01-28 00:02:32,184 INFO [main]	register protocol:28 success
2025-01-28 00:02:32,187 INFO [main]	register protocol:32 success
2025-01-28 00:02:32,191 INFO [main]	register protocol:33 success
2025-01-28 00:02:32,191 INFO [main]	register protocol:30 success
2025-01-28 00:02:32,196 INFO [main]	register load balance factory:RandomLoadBalanceFactory success
2025-01-28 00:02:32,197 INFO [main]	register load balance factory:RoundRobinLoadBalanceFactory success
2025-01-28 00:02:32,197 INFO [main]	register load balance factory:WeightLoadBalanceFactory success
2025-01-28 00:02:32,198 INFO [main]	register load balance factory:FairLoadBalanceFactory success
2025-01-28 00:02:32,217 INFO [main]	create thread:server-work-thread-1
2025-01-28 00:02:32,218 INFO [main]	create thread:server-work-thread-2
2025-01-28 00:02:32,221 INFO [main]	create thread:server-work-thread-3
2025-01-28 00:02:32,222 INFO [main]	create thread:server-work-thread-4
2025-01-28 00:02:32,223 INFO [main]	create thread:server-work-thread-5
2025-01-28 00:02:32,224 INFO [main]	create thread:server-work-thread-6
2025-01-28 00:02:32,225 INFO [main]	create thread:server-work-thread-7
2025-01-28 00:02:32,227 INFO [main]	create thread:server-work-thread-8
2025-01-28 00:02:32,228 INFO [main]	create thread:server-work-thread-9
2025-01-28 00:02:32,228 INFO [main]	create thread:server-work-thread-10
2025-01-28 00:02:32,229 INFO [main]	create thread:server-work-thread-11
2025-01-28 00:02:32,230 INFO [main]	create thread:server-work-thread-12
2025-01-28 00:02:32,232 INFO [main]	create thread:server-work-thread-13
2025-01-28 00:02:32,236 INFO [main]	create thread:server-work-thread-14
2025-01-28 00:02:32,238 INFO [main]	create thread:server-work-thread-15
2025-01-28 00:02:32,239 INFO [main]	create thread:server-work-thread-16
2025-01-28 00:02:32,240 INFO [main]	create thread:server-work-thread-17
2025-01-28 00:02:32,241 INFO [main]	create thread:server-work-thread-18
2025-01-28 00:02:32,244 INFO [main]	create thread:server-work-thread-19
2025-01-28 00:02:32,246 INFO [main]	create thread:server-work-thread-20
2025-01-28 00:02:32,361 INFO [main]	use jdk nio event mode
2025-01-28 00:02:32,425 INFO [main]	create thread:timeout-timer-thread-1
2025-01-28 00:02:32,442 WARN [main]	meta file not exist, name=./data/snapshot/metadata
2025-01-28 00:02:32,844 INFO [main]	register service, serviceName=com.github.raftimpl.raft.service.RaftConsensusService, methodName=appendEntries
2025-01-28 00:02:32,849 INFO [main]	register service, serviceName=com.github.raftimpl.raft.service.RaftConsensusService, methodName=preVote
2025-01-28 00:02:32,849 INFO [main]	register service, serviceName=com.github.raftimpl.raft.service.RaftConsensusService, methodName=requestVote
2025-01-28 00:02:32,855 INFO [main]	register service, serviceName=com.github.raftimpl.raft.service.RaftConsensusService, methodName=installSnap
2025-01-28 00:02:32,860 INFO [main]	register service, serviceName=com.github.raftimpl.raft.service.RaftConsensusService, methodName=getLeaderCommitIndex
2025-01-28 00:02:32,889 INFO [main]	register service, serviceName=com.github.raftimpl.raft.service.RaftClientService, methodName=getConfig
2025-01-28 00:02:32,896 INFO [main]	register service, serviceName=com.github.raftimpl.raft.service.RaftClientService, methodName=getNowLeader
2025-01-28 00:02:32,903 INFO [main]	register service, serviceName=com.github.raftimpl.raft.service.RaftClientService, methodName=removeStoragePeers
2025-01-28 00:02:32,913 INFO [main]	register service, serviceName=com.github.raftimpl.raft.service.RaftClientService, methodName=addStoragePeers
2025-01-28 00:02:32,932 INFO [main]	register service, serviceName=com.github.raftimpl.raft.example.server.service.ExampleService, methodName=get
2025-01-28 00:02:32,935 INFO [main]	register service, serviceName=com.github.raftimpl.raft.example.server.service.ExampleService, methodName=set
2025-01-28 00:02:33,068 INFO [main]	create thread:server-acceptor-thread-1
2025-01-28 00:02:33,085 INFO [main]	server started on port=8051 success
2025-01-28 00:02:33,103 INFO [main]	create thread:fairStrategy-timer-thread-1
2025-01-28 00:02:33,142 INFO [main]	create thread:client-work-thread-1
2025-01-28 00:02:33,146 INFO [main]	create thread:client-work-thread-2
2025-01-28 00:02:33,229 INFO [main]	create thread:client-io-thread-1
2025-01-28 00:02:33,246 WARN [main]	init min idle object pool failed
2025-01-28 00:02:33,525 INFO [main]	create thread:fairStrategy-timer-thread-1
2025-01-28 00:02:33,530 INFO [main]	create thread:client-work-thread-1
2025-01-28 00:02:33,531 INFO [main]	create thread:client-work-thread-2
2025-01-28 00:02:33,535 INFO [main]	create thread:client-io-thread-1
2025-01-28 00:02:33,542 WARN [main]	init min idle object pool failed
2025-01-28 00:02:33,936 INFO [server-acceptor-thread-1]	create thread:server-io-thread-1
2025-01-28 00:02:33,944 INFO [server-acceptor-thread-1]	create thread:server-io-thread-2
2025-01-28 00:02:33,946 INFO [server-acceptor-thread-1]	create thread:server-io-thread-3
2025-01-28 00:02:33,950 INFO [server-acceptor-thread-1]	create thread:server-io-thread-4
2025-01-28 00:02:33,953 INFO [server-acceptor-thread-1]	create thread:server-io-thread-5
2025-01-28 00:02:33,956 INFO [server-acceptor-thread-1]	create thread:server-io-thread-6
2025-01-28 00:02:33,959 INFO [server-acceptor-thread-1]	create thread:server-io-thread-7
2025-01-28 00:02:33,959 INFO [server-acceptor-thread-1]	create thread:server-io-thread-8
2025-01-28 00:02:34,315 INFO [server-acceptor-thread-1]	create thread:server-io-thread-9
2025-01-28 00:02:34,322 INFO [server-acceptor-thread-1]	create thread:server-io-thread-10
2025-01-28 00:02:34,323 INFO [server-acceptor-thread-1]	create thread:server-io-thread-11
2025-01-28 00:02:34,325 INFO [server-acceptor-thread-1]	create thread:server-io-thread-12
2025-01-28 00:02:34,327 INFO [server-acceptor-thread-1]	create thread:server-io-thread-13
2025-01-28 00:02:34,328 INFO [server-acceptor-thread-1]	create thread:server-io-thread-14
2025-01-28 00:02:34,333 INFO [server-acceptor-thread-1]	create thread:server-io-thread-15
2025-01-28 00:02:34,334 INFO [server-acceptor-thread-1]	create thread:server-io-thread-16
2025-01-28 00:02:40,778 INFO [server-acceptor-thread-1]	create thread:server-io-thread-17
2025-01-28 00:02:40,838 INFO [server-work-thread-1]	preVote request from server 3 in term 2 (my term is 2), granted=true
2025-01-28 00:02:40,839 INFO [pool-4-thread-1]	Running pre-vote in term 2
2025-01-28 00:02:40,841 INFO [pool-3-thread-1]	begin pre vote request
2025-01-28 00:02:40,846 INFO [pool-3-thread-1]	create thread:client-io-thread-2
2025-01-28 00:02:40,844 INFO [pool-3-thread-2]	begin pre vote request
2025-01-28 00:02:40,847 INFO [pool-3-thread-2]	create thread:client-io-thread-2
2025-01-28 00:02:40,854 INFO [server-work-thread-2]	new segment meta info, currentTerm=3, votedFor=0, firstLogIndex=1
2025-01-28 00:02:40,861 INFO [server-work-thread-2]	new segment meta info, currentTerm=3, votedFor=3, firstLogIndex=1
2025-01-28 00:02:40,861 INFO [server-work-thread-2]	RequestVote request from server 3 in term 3 (my term is 3), granted=true
2025-01-28 00:02:41,007 INFO [server-work-thread-3]	new leaderId=3, conf={"servers": [{"server_id": 1,"endpoint": {"host": "127.0.0.1","port": 8051}},{"server_id": 2,"endpoint": {"host": "127.0.0.1","port": 8052}},{"server_id": 3,"endpoint": {"host": "127.0.0.1","port": 8053}}]}
2025-01-28 00:02:41,007 INFO [server-work-thread-3]	new segment meta info, currentTerm=3, votedFor=3, firstLogIndex=1
2025-01-28 00:02:41,008 INFO [client-work-thread-1]	ignore preVote RPC result
2025-01-28 00:02:41,009 INFO [client-work-thread-1]	ignore preVote RPC result
2025-01-28 00:02:41,362 INFO [server-work-thread-4]	new segment meta info, currentTerm=3, votedFor=3, firstLogIndex=1
2025-01-28 00:02:41,862 INFO [server-work-thread-5]	new segment meta info, currentTerm=3, votedFor=3, firstLogIndex=1
2025-01-28 00:02:42,364 INFO [server-work-thread-5]	new segment meta info, currentTerm=3, votedFor=3, firstLogIndex=1
2025-01-28 00:02:42,863 INFO [server-work-thread-6]	new segment meta info, currentTerm=3, votedFor=3, firstLogIndex=1
2025-01-28 00:02:43,363 INFO [server-work-thread-7]	new segment meta info, currentTerm=3, votedFor=3, firstLogIndex=1
2025-01-28 00:02:43,863 INFO [server-work-thread-7]	new segment meta info, currentTerm=3, votedFor=3, firstLogIndex=1
2025-01-28 00:02:44,366 INFO [server-work-thread-8]	new segment meta info, currentTerm=3, votedFor=3, firstLogIndex=1
2025-01-28 00:02:44,866 INFO [server-work-thread-8]	new segment meta info, currentTerm=3, votedFor=3, firstLogIndex=1
2025-01-28 00:02:45,365 INFO [server-work-thread-9]	new segment meta info, currentTerm=3, votedFor=3, firstLogIndex=1
2025-01-28 00:02:45,866 INFO [server-work-thread-10]	new segment meta info, currentTerm=3, votedFor=3, firstLogIndex=1
2025-01-28 00:02:45,915 INFO [client-io-thread-2]	create thread:invalid-channel-callback-thread-1
2025-01-28 00:02:46,366 INFO [server-work-thread-11]	new segment meta info, currentTerm=3, votedFor=3, firstLogIndex=1
2025-01-28 00:02:46,867 INFO [server-work-thread-11]	new segment meta info, currentTerm=3, votedFor=3, firstLogIndex=1
2025-01-28 00:02:47,368 INFO [server-work-thread-12]	new segment meta info, currentTerm=3, votedFor=3, firstLogIndex=1
2025-01-28 00:02:47,867 INFO [server-work-thread-13]	new segment meta info, currentTerm=3, votedFor=3, firstLogIndex=1
2025-01-28 00:02:48,367 INFO [server-work-thread-14]	new segment meta info, currentTerm=3, votedFor=3, firstLogIndex=1
2025-01-28 00:02:48,867 INFO [server-work-thread-15]	new segment meta info, currentTerm=3, votedFor=3, firstLogIndex=1
2025-01-28 00:02:49,367 INFO [server-work-thread-16]	new segment meta info, currentTerm=3, votedFor=3, firstLogIndex=1
2025-01-28 00:02:49,868 INFO [server-work-thread-16]	new segment meta info, currentTerm=3, votedFor=3, firstLogIndex=1
2025-01-28 00:02:50,369 INFO [server-work-thread-17]	new segment meta info, currentTerm=3, votedFor=3, firstLogIndex=1
2025-01-28 00:02:50,868 INFO [server-work-thread-18]	new segment meta info, currentTerm=3, votedFor=3, firstLogIndex=1
2025-01-28 00:02:51,368 INFO [server-work-thread-19]	new segment meta info, currentTerm=3, votedFor=3, firstLogIndex=1
2025-01-28 00:02:51,868 INFO [server-work-thread-20]	new segment meta info, currentTerm=3, votedFor=3, firstLogIndex=1
2025-01-28 00:02:52,370 INFO [server-work-thread-2]	new segment meta info, currentTerm=3, votedFor=3, firstLogIndex=1
2025-01-28 00:02:52,869 INFO [server-work-thread-4]	new segment meta info, currentTerm=3, votedFor=3, firstLogIndex=1
2025-01-28 00:02:53,371 INFO [server-work-thread-1]	new segment meta info, currentTerm=3, votedFor=3, firstLogIndex=1
2025-01-28 00:02:53,869 INFO [server-work-thread-11]	new segment meta info, currentTerm=3, votedFor=3, firstLogIndex=1
2025-01-28 00:02:54,371 INFO [server-work-thread-3]	new segment meta info, currentTerm=3, votedFor=3, firstLogIndex=1
2025-01-28 00:02:54,870 INFO [server-work-thread-5]	new segment meta info, currentTerm=3, votedFor=3, firstLogIndex=1
2025-01-28 00:02:55,371 INFO [server-work-thread-6]	new segment meta info, currentTerm=3, votedFor=3, firstLogIndex=1
2025-01-28 00:02:55,872 INFO [server-work-thread-7]	new segment meta info, currentTerm=3, votedFor=3, firstLogIndex=1
2025-01-28 00:02:56,371 INFO [server-work-thread-8]	new segment meta info, currentTerm=3, votedFor=3, firstLogIndex=1
2025-01-28 00:02:56,872 INFO [server-work-thread-9]	new segment meta info, currentTerm=3, votedFor=3, firstLogIndex=1
2025-01-28 00:02:57,371 INFO [server-work-thread-10]	new segment meta info, currentTerm=3, votedFor=3, firstLogIndex=1
2025-01-28 00:02:57,872 INFO [server-work-thread-12]	new segment meta info, currentTerm=3, votedFor=3, firstLogIndex=1
2025-01-28 00:02:58,371 INFO [server-work-thread-13]	new segment meta info, currentTerm=3, votedFor=3, firstLogIndex=1
2025-01-28 00:02:58,872 INFO [server-work-thread-14]	new segment meta info, currentTerm=3, votedFor=3, firstLogIndex=1
2025-01-28 00:02:59,372 INFO [server-work-thread-15]	new segment meta info, currentTerm=3, votedFor=3, firstLogIndex=1
2025-01-28 00:02:59,873 INFO [server-work-thread-16]	new segment meta info, currentTerm=3, votedFor=3, firstLogIndex=1
2025-01-28 00:03:00,373 INFO [server-work-thread-20]	new segment meta info, currentTerm=3, votedFor=3, firstLogIndex=1
2025-01-28 00:03:00,873 INFO [server-work-thread-19]	new segment meta info, currentTerm=3, votedFor=3, firstLogIndex=1
2025-01-28 00:03:01,375 INFO [server-work-thread-11]	new segment meta info, currentTerm=3, votedFor=3, firstLogIndex=1
2025-01-28 00:03:01,874 INFO [server-work-thread-18]	new segment meta info, currentTerm=3, votedFor=3, firstLogIndex=1
2025-01-28 00:03:02,373 INFO [server-work-thread-17]	new segment meta info, currentTerm=3, votedFor=3, firstLogIndex=1
2025-01-28 00:03:02,874 INFO [server-work-thread-2]	new segment meta info, currentTerm=3, votedFor=3, firstLogIndex=1
2025-01-28 00:03:03,374 INFO [server-work-thread-1]	new segment meta info, currentTerm=3, votedFor=3, firstLogIndex=1
2025-01-28 00:03:03,874 INFO [server-work-thread-1]	new segment meta info, currentTerm=3, votedFor=3, firstLogIndex=1
2025-01-28 00:03:04,374 INFO [server-work-thread-4]	new segment meta info, currentTerm=3, votedFor=3, firstLogIndex=1
2025-01-28 00:03:04,876 INFO [server-work-thread-8]	new segment meta info, currentTerm=3, votedFor=3, firstLogIndex=1
2025-01-28 00:03:05,374 INFO [server-work-thread-7]	new segment meta info, currentTerm=3, votedFor=3, firstLogIndex=1
2025-01-28 00:03:05,875 INFO [server-work-thread-6]	new segment meta info, currentTerm=3, votedFor=3, firstLogIndex=1
2025-01-28 00:03:06,376 INFO [server-work-thread-5]	new segment meta info, currentTerm=3, votedFor=3, firstLogIndex=1
2025-01-28 00:03:06,876 INFO [server-work-thread-3]	new segment meta info, currentTerm=3, votedFor=3, firstLogIndex=1
2025-01-28 00:03:07,375 INFO [server-work-thread-3]	new segment meta info, currentTerm=3, votedFor=3, firstLogIndex=1
2025-01-28 00:03:07,875 INFO [server-work-thread-5]	new segment meta info, currentTerm=3, votedFor=3, firstLogIndex=1
2025-01-28 00:03:08,376 INFO [server-work-thread-9]	new segment meta info, currentTerm=3, votedFor=3, firstLogIndex=1
2025-01-28 00:03:08,877 INFO [server-work-thread-10]	new segment meta info, currentTerm=3, votedFor=3, firstLogIndex=1
2025-01-28 00:03:09,376 INFO [server-work-thread-10]	new segment meta info, currentTerm=3, votedFor=3, firstLogIndex=1
2025-01-28 00:03:09,878 INFO [server-work-thread-13]	new segment meta info, currentTerm=3, votedFor=3, firstLogIndex=1
2025-01-28 00:03:10,378 INFO [server-work-thread-10]	new segment meta info, currentTerm=3, votedFor=3, firstLogIndex=1
2025-01-28 00:03:10,877 INFO [server-work-thread-12]	new segment meta info, currentTerm=3, votedFor=3, firstLogIndex=1
2025-01-28 00:03:11,377 INFO [server-work-thread-14]	new segment meta info, currentTerm=3, votedFor=3, firstLogIndex=1
2025-01-28 00:03:11,878 INFO [server-work-thread-16]	new segment meta info, currentTerm=3, votedFor=3, firstLogIndex=1
2025-01-28 00:03:12,378 INFO [server-work-thread-16]	new segment meta info, currentTerm=3, votedFor=3, firstLogIndex=1
2025-01-28 00:03:12,878 INFO [server-work-thread-15]	new segment meta info, currentTerm=3, votedFor=3, firstLogIndex=1
2025-01-28 00:03:13,378 INFO [server-work-thread-20]	new segment meta info, currentTerm=3, votedFor=3, firstLogIndex=1
2025-01-28 00:03:13,878 INFO [server-work-thread-20]	new segment meta info, currentTerm=3, votedFor=3, firstLogIndex=1
2025-01-28 00:03:14,379 INFO [server-work-thread-19]	new segment meta info, currentTerm=3, votedFor=3, firstLogIndex=1
2025-01-28 00:03:14,879 INFO [server-work-thread-19]	new segment meta info, currentTerm=3, votedFor=3, firstLogIndex=1
2025-01-28 00:03:15,379 INFO [server-work-thread-11]	new segment meta info, currentTerm=3, votedFor=3, firstLogIndex=1
2025-01-28 00:03:15,879 INFO [server-work-thread-18]	new segment meta info, currentTerm=3, votedFor=3, firstLogIndex=1
2025-01-28 00:03:16,380 INFO [server-work-thread-18]	new segment meta info, currentTerm=3, votedFor=3, firstLogIndex=1
2025-01-28 00:03:16,879 INFO [server-work-thread-17]	new segment meta info, currentTerm=3, votedFor=3, firstLogIndex=1
2025-01-28 00:03:17,379 INFO [server-work-thread-2]	new segment meta info, currentTerm=3, votedFor=3, firstLogIndex=1
2025-01-28 00:03:17,880 INFO [server-work-thread-2]	new segment meta info, currentTerm=3, votedFor=3, firstLogIndex=1
2025-01-28 00:03:18,380 INFO [server-work-thread-1]	new segment meta info, currentTerm=3, votedFor=3, firstLogIndex=1
2025-01-28 00:03:18,880 INFO [server-work-thread-1]	new segment meta info, currentTerm=3, votedFor=3, firstLogIndex=1
2025-01-28 00:03:19,381 INFO [server-work-thread-4]	new segment meta info, currentTerm=3, votedFor=3, firstLogIndex=1
2025-01-28 00:03:19,881 INFO [server-work-thread-7]	new segment meta info, currentTerm=3, votedFor=3, firstLogIndex=1
2025-01-28 00:03:20,381 INFO [server-work-thread-11]	new segment meta info, currentTerm=3, votedFor=3, firstLogIndex=1
2025-01-28 00:03:20,882 INFO [server-work-thread-11]	new segment meta info, currentTerm=3, votedFor=3, firstLogIndex=1
2025-01-28 00:03:21,382 INFO [server-work-thread-8]	new segment meta info, currentTerm=3, votedFor=3, firstLogIndex=1
2025-01-28 00:03:21,882 INFO [server-work-thread-6]	new segment meta info, currentTerm=3, votedFor=3, firstLogIndex=1
2025-01-28 00:03:22,382 INFO [server-work-thread-6]	new segment meta info, currentTerm=3, votedFor=3, firstLogIndex=1
2025-01-28 00:03:22,882 INFO [server-work-thread-2]	new segment meta info, currentTerm=3, votedFor=3, firstLogIndex=1
2025-01-28 00:03:23,383 INFO [server-work-thread-2]	new segment meta info, currentTerm=3, votedFor=3, firstLogIndex=1
2025-01-28 00:03:23,882 INFO [server-work-thread-5]	new segment meta info, currentTerm=3, votedFor=3, firstLogIndex=1
2025-01-28 00:03:24,383 INFO [server-work-thread-5]	new segment meta info, currentTerm=3, votedFor=3, firstLogIndex=1
2025-01-28 00:03:24,882 INFO [server-work-thread-3]	new segment meta info, currentTerm=3, votedFor=3, firstLogIndex=1
2025-01-28 00:03:25,383 INFO [server-work-thread-3]	new segment meta info, currentTerm=3, votedFor=3, firstLogIndex=1
2025-01-28 00:03:25,883 INFO [server-work-thread-9]	new segment meta info, currentTerm=3, votedFor=3, firstLogIndex=1
2025-01-28 00:03:26,383 INFO [server-work-thread-9]	new segment meta info, currentTerm=3, votedFor=3, firstLogIndex=1
2025-01-28 00:03:26,883 INFO [server-work-thread-13]	new segment meta info, currentTerm=3, votedFor=3, firstLogIndex=1
2025-01-28 00:03:27,384 INFO [server-work-thread-14]	new segment meta info, currentTerm=3, votedFor=3, firstLogIndex=1
2025-01-28 00:03:27,884 INFO [server-work-thread-12]	new segment meta info, currentTerm=3, votedFor=3, firstLogIndex=1
2025-01-28 00:03:28,385 INFO [server-work-thread-10]	new segment meta info, currentTerm=3, votedFor=3, firstLogIndex=1
2025-01-28 00:03:28,884 INFO [server-work-thread-16]	new segment meta info, currentTerm=3, votedFor=3, firstLogIndex=1
2025-01-28 00:03:29,385 INFO [server-work-thread-16]	new segment meta info, currentTerm=3, votedFor=3, firstLogIndex=1
2025-01-28 00:03:29,885 INFO [server-work-thread-15]	new segment meta info, currentTerm=3, votedFor=3, firstLogIndex=1
2025-01-28 00:03:30,385 INFO [server-work-thread-20]	new segment meta info, currentTerm=3, votedFor=3, firstLogIndex=1
2025-01-28 00:03:30,886 INFO [server-work-thread-20]	new segment meta info, currentTerm=3, votedFor=3, firstLogIndex=1
2025-01-28 00:03:31,386 INFO [server-work-thread-19]	new segment meta info, currentTerm=3, votedFor=3, firstLogIndex=1
2025-01-28 00:03:31,885 INFO [server-work-thread-18]	new segment meta info, currentTerm=3, votedFor=3, firstLogIndex=1
2025-01-28 00:03:32,385 INFO [server-work-thread-17]	new segment meta info, currentTerm=3, votedFor=3, firstLogIndex=1
2025-01-28 00:03:32,886 INFO [server-work-thread-17]	new segment meta info, currentTerm=3, votedFor=3, firstLogIndex=1
2025-01-28 00:03:33,387 INFO [server-work-thread-4]	new segment meta info, currentTerm=3, votedFor=3, firstLogIndex=1
2025-01-28 00:03:33,887 INFO [server-work-thread-1]	new segment meta info, currentTerm=3, votedFor=3, firstLogIndex=1
2025-01-28 00:03:34,387 INFO [server-work-thread-7]	new segment meta info, currentTerm=3, votedFor=3, firstLogIndex=1
2025-01-28 00:03:34,888 INFO [server-work-thread-7]	new segment meta info, currentTerm=3, votedFor=3, firstLogIndex=1
2025-01-28 00:03:35,387 INFO [server-work-thread-11]	new segment meta info, currentTerm=3, votedFor=3, firstLogIndex=1
2025-01-28 00:03:35,887 INFO [server-work-thread-8]	new segment meta info, currentTerm=3, votedFor=3, firstLogIndex=1
2025-01-28 00:03:36,389 INFO [server-work-thread-1]	new segment meta info, currentTerm=3, votedFor=3, firstLogIndex=1
2025-01-28 00:03:36,888 INFO [server-work-thread-6]	new segment meta info, currentTerm=3, votedFor=3, firstLogIndex=1
2025-01-28 00:03:37,389 INFO [server-work-thread-2]	new segment meta info, currentTerm=3, votedFor=3, firstLogIndex=1
2025-01-28 00:03:37,889 INFO [server-work-thread-1]	new segment meta info, currentTerm=3, votedFor=3, firstLogIndex=1
2025-01-28 00:03:38,389 INFO [server-work-thread-6]	new segment meta info, currentTerm=3, votedFor=3, firstLogIndex=1
2025-01-28 00:03:38,889 INFO [server-work-thread-8]	new segment meta info, currentTerm=3, votedFor=3, firstLogIndex=1
2025-01-28 00:03:39,390 INFO [server-work-thread-11]	new segment meta info, currentTerm=3, votedFor=3, firstLogIndex=1
2025-01-28 00:03:39,890 INFO [server-work-thread-11]	new segment meta info, currentTerm=3, votedFor=3, firstLogIndex=1
2025-01-28 00:03:40,391 INFO [server-work-thread-4]	new segment meta info, currentTerm=3, votedFor=3, firstLogIndex=1
2025-01-28 00:03:40,891 INFO [server-work-thread-5]	new segment meta info, currentTerm=3, votedFor=3, firstLogIndex=1
2025-01-28 00:03:41,391 INFO [server-work-thread-3]	new segment meta info, currentTerm=3, votedFor=3, firstLogIndex=1
2025-01-28 00:03:41,891 INFO [server-work-thread-12]	new segment meta info, currentTerm=3, votedFor=3, firstLogIndex=1
2025-01-28 00:03:42,391 INFO [server-work-thread-14]	new segment meta info, currentTerm=3, votedFor=3, firstLogIndex=1
2025-01-28 00:03:42,892 INFO [server-work-thread-13]	new segment meta info, currentTerm=3, votedFor=3, firstLogIndex=1
2025-01-28 00:03:43,392 INFO [server-work-thread-9]	new segment meta info, currentTerm=3, votedFor=3, firstLogIndex=1
2025-01-28 00:03:43,891 INFO [server-work-thread-9]	new segment meta info, currentTerm=3, votedFor=3, firstLogIndex=1
2025-01-28 00:03:44,393 INFO [server-work-thread-15]	new segment meta info, currentTerm=3, votedFor=3, firstLogIndex=1
2025-01-28 00:03:44,892 INFO [server-work-thread-15]	new segment meta info, currentTerm=3, votedFor=3, firstLogIndex=1
2025-01-28 00:03:45,392 INFO [server-work-thread-10]	new segment meta info, currentTerm=3, votedFor=3, firstLogIndex=1
2025-01-28 00:03:45,892 INFO [server-work-thread-10]	new segment meta info, currentTerm=3, votedFor=3, firstLogIndex=1
2025-01-28 00:03:46,393 INFO [server-work-thread-16]	new segment meta info, currentTerm=3, votedFor=3, firstLogIndex=1
2025-01-28 00:03:46,893 INFO [server-work-thread-20]	new segment meta info, currentTerm=3, votedFor=3, firstLogIndex=1
2025-01-28 00:03:47,393 INFO [server-work-thread-19]	new segment meta info, currentTerm=3, votedFor=3, firstLogIndex=1
2025-01-28 00:03:47,894 INFO [server-work-thread-13]	new segment meta info, currentTerm=3, votedFor=3, firstLogIndex=1
2025-01-28 00:03:48,393 INFO [server-work-thread-17]	new segment meta info, currentTerm=3, votedFor=3, firstLogIndex=1
2025-01-28 00:03:48,893 INFO [server-work-thread-14]	new segment meta info, currentTerm=3, votedFor=3, firstLogIndex=1
2025-01-28 00:03:49,394 INFO [server-work-thread-18]	new segment meta info, currentTerm=3, votedFor=3, firstLogIndex=1
2025-01-28 00:03:49,895 INFO [server-work-thread-5]	new segment meta info, currentTerm=3, votedFor=3, firstLogIndex=1
2025-01-28 00:03:50,395 INFO [server-work-thread-7]	new segment meta info, currentTerm=3, votedFor=3, firstLogIndex=1
2025-01-28 00:03:50,894 INFO [server-work-thread-2]	new segment meta info, currentTerm=3, votedFor=3, firstLogIndex=1
2025-01-28 00:03:51,394 INFO [server-work-thread-2]	new segment meta info, currentTerm=3, votedFor=3, firstLogIndex=1
2025-01-28 00:03:51,894 INFO [server-work-thread-1]	new segment meta info, currentTerm=3, votedFor=3, firstLogIndex=1
2025-01-28 00:03:52,394 INFO [server-work-thread-6]	new segment meta info, currentTerm=3, votedFor=3, firstLogIndex=1
2025-01-28 00:03:52,895 INFO [server-work-thread-6]	new segment meta info, currentTerm=3, votedFor=3, firstLogIndex=1
2025-01-28 00:03:53,395 INFO [server-work-thread-1]	new segment meta info, currentTerm=3, votedFor=3, firstLogIndex=1
2025-01-28 00:03:53,895 INFO [server-work-thread-8]	new segment meta info, currentTerm=3, votedFor=3, firstLogIndex=1
2025-01-28 00:03:54,395 INFO [server-work-thread-8]	new segment meta info, currentTerm=3, votedFor=3, firstLogIndex=1
2025-01-28 00:03:54,895 INFO [server-work-thread-7]	new segment meta info, currentTerm=3, votedFor=3, firstLogIndex=1
2025-01-28 00:03:55,395 INFO [server-work-thread-12]	new segment meta info, currentTerm=3, votedFor=3, firstLogIndex=1
2025-01-28 00:03:55,896 INFO [server-work-thread-11]	new segment meta info, currentTerm=3, votedFor=3, firstLogIndex=1
2025-01-28 00:03:56,396 INFO [server-work-thread-4]	new segment meta info, currentTerm=3, votedFor=3, firstLogIndex=1
2025-01-28 00:03:56,896 INFO [server-work-thread-14]	new segment meta info, currentTerm=3, votedFor=3, firstLogIndex=1
2025-01-28 00:03:57,397 INFO [server-work-thread-3]	new segment meta info, currentTerm=3, votedFor=3, firstLogIndex=1
2025-01-28 00:03:57,897 INFO [server-work-thread-15]	new segment meta info, currentTerm=3, votedFor=3, firstLogIndex=1
2025-01-28 00:03:58,397 INFO [server-work-thread-9]	new segment meta info, currentTerm=3, votedFor=3, firstLogIndex=1
2025-01-28 00:03:58,897 INFO [server-work-thread-1]	new segment meta info, currentTerm=3, votedFor=3, firstLogIndex=1
2025-01-28 00:03:59,397 INFO [server-work-thread-1]	new segment meta info, currentTerm=3, votedFor=3, firstLogIndex=1
2025-01-28 00:03:59,897 INFO [server-work-thread-3]	new segment meta info, currentTerm=3, votedFor=3, firstLogIndex=1
2025-01-28 00:04:00,398 INFO [server-work-thread-10]	new segment meta info, currentTerm=3, votedFor=3, firstLogIndex=1
2025-01-28 00:04:00,898 INFO [server-work-thread-20]	new segment meta info, currentTerm=3, votedFor=3, firstLogIndex=1
2025-01-28 00:04:01,398 INFO [server-work-thread-20]	new segment meta info, currentTerm=3, votedFor=3, firstLogIndex=1
2025-01-28 00:04:01,899 INFO [server-work-thread-3]	new segment meta info, currentTerm=3, votedFor=3, firstLogIndex=1
2025-01-28 00:04:02,398 INFO [server-work-thread-1]	new segment meta info, currentTerm=3, votedFor=3, firstLogIndex=1
2025-01-28 00:04:02,899 INFO [server-work-thread-1]	new segment meta info, currentTerm=3, votedFor=3, firstLogIndex=1
2025-01-28 00:04:03,398 INFO [server-work-thread-16]	new segment meta info, currentTerm=3, votedFor=3, firstLogIndex=1
2025-01-28 00:04:03,898 INFO [server-work-thread-16]	new segment meta info, currentTerm=3, votedFor=3, firstLogIndex=1
2025-01-28 00:04:04,399 INFO [server-work-thread-17]	new segment meta info, currentTerm=3, votedFor=3, firstLogIndex=1
2025-01-28 00:04:04,900 INFO [server-work-thread-17]	new segment meta info, currentTerm=3, votedFor=3, firstLogIndex=1
2025-01-28 00:04:05,400 INFO [server-work-thread-16]	new segment meta info, currentTerm=3, votedFor=3, firstLogIndex=1
2025-01-28 00:04:05,899 INFO [server-work-thread-13]	new segment meta info, currentTerm=3, votedFor=3, firstLogIndex=1
2025-01-28 00:04:06,399 INFO [server-work-thread-19]	new segment meta info, currentTerm=3, votedFor=3, firstLogIndex=1
2025-01-28 00:04:06,900 INFO [server-work-thread-19]	new segment meta info, currentTerm=3, votedFor=3, firstLogIndex=1
2025-01-28 00:04:07,400 INFO [server-work-thread-14]	new segment meta info, currentTerm=3, votedFor=3, firstLogIndex=1
2025-01-28 00:04:07,900 INFO [server-work-thread-18]	new segment meta info, currentTerm=3, votedFor=3, firstLogIndex=1
2025-01-28 00:04:08,400 INFO [server-work-thread-5]	new segment meta info, currentTerm=3, votedFor=3, firstLogIndex=1
2025-01-28 00:04:08,900 INFO [server-work-thread-11]	new segment meta info, currentTerm=3, votedFor=3, firstLogIndex=1
2025-01-28 00:04:09,401 INFO [server-work-thread-11]	new segment meta info, currentTerm=3, votedFor=3, firstLogIndex=1
2025-01-28 00:04:09,901 INFO [server-work-thread-12]	new segment meta info, currentTerm=3, votedFor=3, firstLogIndex=1
2025-01-28 00:04:10,401 INFO [server-work-thread-12]	new segment meta info, currentTerm=3, votedFor=3, firstLogIndex=1
2025-01-28 00:04:10,902 INFO [server-work-thread-2]	new segment meta info, currentTerm=3, votedFor=3, firstLogIndex=1
2025-01-28 00:04:11,402 INFO [server-work-thread-6]	new segment meta info, currentTerm=3, votedFor=3, firstLogIndex=1
2025-01-28 00:04:11,902 INFO [server-work-thread-6]	new segment meta info, currentTerm=3, votedFor=3, firstLogIndex=1
2025-01-28 00:04:12,402 INFO [server-work-thread-8]	new segment meta info, currentTerm=3, votedFor=3, firstLogIndex=1
2025-01-28 00:04:12,902 INFO [server-work-thread-7]	new segment meta info, currentTerm=3, votedFor=3, firstLogIndex=1
2025-01-28 00:04:13,403 INFO [server-work-thread-7]	new segment meta info, currentTerm=3, votedFor=3, firstLogIndex=1
2025-01-28 00:04:13,903 INFO [server-work-thread-4]	new segment meta info, currentTerm=3, votedFor=3, firstLogIndex=1
2025-01-28 00:04:14,403 INFO [server-work-thread-15]	new segment meta info, currentTerm=3, votedFor=3, firstLogIndex=1
2025-01-28 00:04:14,905 INFO [server-work-thread-9]	new segment meta info, currentTerm=3, votedFor=3, firstLogIndex=1
2025-01-28 00:04:15,405 INFO [server-work-thread-10]	new segment meta info, currentTerm=3, votedFor=3, firstLogIndex=1
2025-01-28 00:04:15,905 INFO [server-work-thread-20]	new segment meta info, currentTerm=3, votedFor=3, firstLogIndex=1
2025-01-28 00:04:16,406 INFO [server-work-thread-15]	new segment meta info, currentTerm=3, votedFor=3, firstLogIndex=1
2025-01-28 00:04:16,904 INFO [server-work-thread-5]	new segment meta info, currentTerm=3, votedFor=3, firstLogIndex=1
2025-01-28 00:04:17,404 INFO [server-work-thread-18]	new segment meta info, currentTerm=3, votedFor=3, firstLogIndex=1
2025-01-28 00:04:17,904 INFO [server-work-thread-5]	new segment meta info, currentTerm=3, votedFor=3, firstLogIndex=1
2025-01-28 00:04:18,405 INFO [server-work-thread-5]	new segment meta info, currentTerm=3, votedFor=3, firstLogIndex=1
2025-01-28 00:04:18,904 INFO [server-work-thread-18]	new segment meta info, currentTerm=3, votedFor=3, firstLogIndex=1
2025-01-28 00:04:19,406 INFO [server-work-thread-3]	new segment meta info, currentTerm=3, votedFor=3, firstLogIndex=1
2025-01-28 00:04:19,906 INFO [server-work-thread-1]	new segment meta info, currentTerm=3, votedFor=3, firstLogIndex=1
2025-01-28 00:04:20,406 INFO [server-work-thread-18]	new segment meta info, currentTerm=3, votedFor=3, firstLogIndex=1
2025-01-28 00:04:20,906 INFO [server-work-thread-17]	new segment meta info, currentTerm=3, votedFor=3, firstLogIndex=1
2025-01-28 00:04:21,405 INFO [server-work-thread-17]	new segment meta info, currentTerm=3, votedFor=3, firstLogIndex=1
2025-01-28 00:04:21,907 INFO [server-work-thread-13]	new segment meta info, currentTerm=3, votedFor=3, firstLogIndex=1
2025-01-28 00:04:22,406 INFO [server-work-thread-16]	new segment meta info, currentTerm=3, votedFor=3, firstLogIndex=1
2025-01-28 00:04:22,906 INFO [server-work-thread-16]	new segment meta info, currentTerm=3, votedFor=3, firstLogIndex=1
2025-01-28 00:04:23,406 INFO [server-work-thread-4]	new segment meta info, currentTerm=3, votedFor=3, firstLogIndex=1
2025-01-28 00:04:23,906 INFO [server-work-thread-4]	new segment meta info, currentTerm=3, votedFor=3, firstLogIndex=1
2025-01-28 00:04:24,409 INFO [server-work-thread-19]	new segment meta info, currentTerm=3, votedFor=3, firstLogIndex=1
2025-01-28 00:04:24,909 INFO [server-work-thread-14]	new segment meta info, currentTerm=3, votedFor=3, firstLogIndex=1
2025-01-28 00:04:25,409 INFO [server-work-thread-11]	new segment meta info, currentTerm=3, votedFor=3, firstLogIndex=1
2025-01-28 00:04:25,911 INFO [server-work-thread-12]	new segment meta info, currentTerm=3, votedFor=3, firstLogIndex=1
2025-01-28 00:04:26,409 INFO [server-work-thread-2]	new segment meta info, currentTerm=3, votedFor=3, firstLogIndex=1
2025-01-28 00:04:26,909 INFO [server-work-thread-2]	new segment meta info, currentTerm=3, votedFor=3, firstLogIndex=1
2025-01-28 00:04:27,409 INFO [server-work-thread-2]	new segment meta info, currentTerm=3, votedFor=3, firstLogIndex=1
2025-01-28 00:04:27,910 INFO [server-work-thread-12]	new segment meta info, currentTerm=3, votedFor=3, firstLogIndex=1
2025-01-28 00:04:28,411 INFO [server-work-thread-12]	new segment meta info, currentTerm=3, votedFor=3, firstLogIndex=1
2025-01-28 00:04:28,910 INFO [server-work-thread-20]	new segment meta info, currentTerm=3, votedFor=3, firstLogIndex=1
2025-01-28 00:04:29,410 INFO [server-work-thread-9]	new segment meta info, currentTerm=3, votedFor=3, firstLogIndex=1
2025-01-28 00:04:29,910 INFO [server-work-thread-6]	new segment meta info, currentTerm=3, votedFor=3, firstLogIndex=1
2025-01-28 00:04:30,412 INFO [server-work-thread-6]	new segment meta info, currentTerm=3, votedFor=3, firstLogIndex=1
2025-01-28 00:04:30,910 INFO [server-work-thread-8]	new segment meta info, currentTerm=3, votedFor=3, firstLogIndex=1
2025-01-28 00:04:31,411 INFO [server-work-thread-8]	new segment meta info, currentTerm=3, votedFor=3, firstLogIndex=1
2025-01-28 00:04:31,911 INFO [server-work-thread-7]	new segment meta info, currentTerm=3, votedFor=3, firstLogIndex=1
2025-01-28 00:04:32,412 INFO [server-work-thread-7]	new segment meta info, currentTerm=3, votedFor=3, firstLogIndex=1
2025-01-28 00:04:32,911 INFO [server-work-thread-8]	new segment meta info, currentTerm=3, votedFor=3, firstLogIndex=1
2025-01-28 00:04:33,412 INFO [server-work-thread-7]	new segment meta info, currentTerm=3, votedFor=3, firstLogIndex=1
2025-01-28 00:04:33,912 INFO [server-work-thread-8]	new segment meta info, currentTerm=3, votedFor=3, firstLogIndex=1
2025-01-28 00:04:34,412 INFO [server-work-thread-10]	new segment meta info, currentTerm=3, votedFor=3, firstLogIndex=1
2025-01-28 00:04:34,913 INFO [server-work-thread-10]	new segment meta info, currentTerm=3, votedFor=3, firstLogIndex=1
2025-01-28 00:04:35,412 INFO [server-work-thread-15]	new segment meta info, currentTerm=3, votedFor=3, firstLogIndex=1
2025-01-28 00:04:35,912 INFO [server-work-thread-15]	new segment meta info, currentTerm=3, votedFor=3, firstLogIndex=1
2025-01-28 00:04:36,413 INFO [server-work-thread-5]	new segment meta info, currentTerm=3, votedFor=3, firstLogIndex=1
2025-01-28 00:04:36,914 INFO [server-work-thread-3]	new segment meta info, currentTerm=3, votedFor=3, firstLogIndex=1
2025-01-28 00:04:37,413 INFO [server-work-thread-1]	new segment meta info, currentTerm=3, votedFor=3, firstLogIndex=1
2025-01-28 00:04:37,914 INFO [server-work-thread-1]	new segment meta info, currentTerm=3, votedFor=3, firstLogIndex=1
2025-01-28 00:04:38,413 INFO [server-work-thread-15]	new segment meta info, currentTerm=3, votedFor=3, firstLogIndex=1
2025-01-28 00:04:38,913 INFO [server-work-thread-18]	new segment meta info, currentTerm=3, votedFor=3, firstLogIndex=1
2025-01-28 00:04:39,415 INFO [server-work-thread-18]	new segment meta info, currentTerm=3, votedFor=3, firstLogIndex=1
2025-01-28 00:04:39,914 INFO [server-work-thread-17]	new segment meta info, currentTerm=3, votedFor=3, firstLogIndex=1
2025-01-28 00:04:40,415 INFO [server-work-thread-8]	new segment meta info, currentTerm=3, votedFor=3, firstLogIndex=1
2025-01-28 00:04:40,915 INFO [server-work-thread-15]	new segment meta info, currentTerm=3, votedFor=3, firstLogIndex=1
2025-01-28 00:04:41,414 INFO [server-work-thread-5]	new segment meta info, currentTerm=3, votedFor=3, firstLogIndex=1
2025-01-28 00:04:41,915 INFO [server-work-thread-13]	new segment meta info, currentTerm=3, votedFor=3, firstLogIndex=1
2025-01-28 00:04:42,415 INFO [server-work-thread-13]	new segment meta info, currentTerm=3, votedFor=3, firstLogIndex=1
2025-01-28 00:04:42,916 INFO [server-work-thread-5]	new segment meta info, currentTerm=3, votedFor=3, firstLogIndex=1
2025-01-28 00:04:43,416 INFO [server-work-thread-9]	new segment meta info, currentTerm=3, votedFor=3, firstLogIndex=1
2025-01-28 00:04:43,916 INFO [server-work-thread-9]	new segment meta info, currentTerm=3, votedFor=3, firstLogIndex=1
2025-01-28 00:04:44,416 INFO [server-work-thread-10]	new segment meta info, currentTerm=3, votedFor=3, firstLogIndex=1
2025-01-28 00:04:44,916 INFO [server-work-thread-20]	new segment meta info, currentTerm=3, votedFor=3, firstLogIndex=1
2025-01-28 00:04:45,416 INFO [server-work-thread-10]	new segment meta info, currentTerm=3, votedFor=3, firstLogIndex=1
2025-01-28 00:04:45,917 INFO [server-work-thread-10]	new segment meta info, currentTerm=3, votedFor=3, firstLogIndex=1
2025-01-28 00:04:46,417 INFO [server-work-thread-16]	new segment meta info, currentTerm=3, votedFor=3, firstLogIndex=1
2025-01-28 00:04:46,917 INFO [server-work-thread-15]	new segment meta info, currentTerm=3, votedFor=3, firstLogIndex=1
2025-01-28 00:04:47,417 INFO [server-work-thread-15]	new segment meta info, currentTerm=3, votedFor=3, firstLogIndex=1
2025-01-28 00:04:47,918 INFO [server-work-thread-4]	new segment meta info, currentTerm=3, votedFor=3, firstLogIndex=1
2025-01-28 00:04:48,421 INFO [server-work-thread-19]	new segment meta info, currentTerm=3, votedFor=3, firstLogIndex=1
2025-01-28 00:04:48,919 INFO [server-work-thread-19]	new segment meta info, currentTerm=3, votedFor=3, firstLogIndex=1
2025-01-28 00:04:49,421 INFO [server-work-thread-14]	new segment meta info, currentTerm=3, votedFor=3, firstLogIndex=1
2025-01-28 00:04:49,923 INFO [server-work-thread-14]	new segment meta info, currentTerm=3, votedFor=3, firstLogIndex=1
2025-01-28 00:04:50,437 INFO [server-work-thread-4]	new segment meta info, currentTerm=3, votedFor=3, firstLogIndex=1
2025-01-28 00:04:50,934 INFO [server-work-thread-11]	new segment meta info, currentTerm=3, votedFor=3, firstLogIndex=1
2025-01-28 00:04:51,435 INFO [server-work-thread-11]	new segment meta info, currentTerm=3, votedFor=3, firstLogIndex=1
2025-01-28 00:04:51,935 INFO [server-work-thread-2]	new segment meta info, currentTerm=3, votedFor=3, firstLogIndex=1
2025-01-28 00:04:52,434 INFO [server-work-thread-7]	new segment meta info, currentTerm=3, votedFor=3, firstLogIndex=1
2025-01-28 00:04:52,935 INFO [server-work-thread-7]	new segment meta info, currentTerm=3, votedFor=3, firstLogIndex=1
2025-01-28 00:04:53,434 INFO [server-work-thread-12]	new segment meta info, currentTerm=3, votedFor=3, firstLogIndex=1
2025-01-28 00:04:53,936 INFO [server-work-thread-12]	new segment meta info, currentTerm=3, votedFor=3, firstLogIndex=1
2025-01-28 00:04:54,436 INFO [server-work-thread-6]	new segment meta info, currentTerm=3, votedFor=3, firstLogIndex=1
2025-01-28 00:04:54,936 INFO [server-work-thread-3]	new segment meta info, currentTerm=3, votedFor=3, firstLogIndex=1
2025-01-28 00:04:55,436 INFO [server-work-thread-6]	new segment meta info, currentTerm=3, votedFor=3, firstLogIndex=1
2025-01-28 00:04:55,936 INFO [server-work-thread-6]	new segment meta info, currentTerm=3, votedFor=3, firstLogIndex=1
2025-01-28 00:04:56,437 INFO [server-work-thread-1]	new segment meta info, currentTerm=3, votedFor=3, firstLogIndex=1
2025-01-28 00:04:56,937 INFO [server-work-thread-18]	new segment meta info, currentTerm=3, votedFor=3, firstLogIndex=1
2025-01-28 00:04:57,437 INFO [server-work-thread-18]	new segment meta info, currentTerm=3, votedFor=3, firstLogIndex=1
2025-01-28 00:04:57,937 INFO [server-work-thread-17]	new segment meta info, currentTerm=3, votedFor=3, firstLogIndex=1
2025-01-28 00:04:58,438 INFO [server-work-thread-8]	new segment meta info, currentTerm=3, votedFor=3, firstLogIndex=1
2025-01-28 00:04:58,938 INFO [server-work-thread-16]	new segment meta info, currentTerm=3, votedFor=3, firstLogIndex=1
2025-01-28 00:04:59,438 INFO [server-work-thread-16]	new segment meta info, currentTerm=3, votedFor=3, firstLogIndex=1
2025-01-28 00:04:59,938 INFO [server-work-thread-6]	new segment meta info, currentTerm=3, votedFor=3, firstLogIndex=1
2025-01-28 00:05:00,438 INFO [server-work-thread-5]	new segment meta info, currentTerm=3, votedFor=3, firstLogIndex=1
2025-01-28 00:05:00,938 INFO [server-work-thread-5]	new segment meta info, currentTerm=3, votedFor=3, firstLogIndex=1
2025-01-28 00:05:01,438 INFO [server-work-thread-13]	new segment meta info, currentTerm=3, votedFor=3, firstLogIndex=1
2025-01-28 00:05:01,939 INFO [server-work-thread-9]	new segment meta info, currentTerm=3, votedFor=3, firstLogIndex=1
2025-01-28 00:05:02,439 INFO [server-work-thread-20]	new segment meta info, currentTerm=3, votedFor=3, firstLogIndex=1
2025-01-28 00:05:02,939 INFO [server-work-thread-10]	new segment meta info, currentTerm=3, votedFor=3, firstLogIndex=1
2025-01-28 00:05:03,439 INFO [server-work-thread-1]	new segment meta info, currentTerm=3, votedFor=3, firstLogIndex=1
2025-01-28 00:05:03,939 INFO [server-work-thread-6]	new segment meta info, currentTerm=3, votedFor=3, firstLogIndex=1
2025-01-28 00:05:04,439 INFO [server-work-thread-9]	new segment meta info, currentTerm=3, votedFor=3, firstLogIndex=1
2025-01-28 00:05:04,939 INFO [server-work-thread-6]	new segment meta info, currentTerm=3, votedFor=3, firstLogIndex=1
2025-01-28 00:05:05,439 INFO [server-work-thread-13]	new segment meta info, currentTerm=3, votedFor=3, firstLogIndex=1
2025-01-28 00:05:05,940 INFO [server-work-thread-13]	new segment meta info, currentTerm=3, votedFor=3, firstLogIndex=1
2025-01-28 00:05:06,440 INFO [server-work-thread-13]	new segment meta info, currentTerm=3, votedFor=3, firstLogIndex=1
2025-01-28 00:05:06,940 INFO [server-work-thread-15]	new segment meta info, currentTerm=3, votedFor=3, firstLogIndex=1
2025-01-28 00:05:07,440 INFO [server-work-thread-19]	new segment meta info, currentTerm=3, votedFor=3, firstLogIndex=1
2025-01-28 00:05:07,940 INFO [server-work-thread-14]	new segment meta info, currentTerm=3, votedFor=3, firstLogIndex=1
2025-01-28 00:05:08,441 INFO [server-work-thread-14]	new segment meta info, currentTerm=3, votedFor=3, firstLogIndex=1
2025-01-28 00:05:08,940 INFO [server-work-thread-19]	new segment meta info, currentTerm=3, votedFor=3, firstLogIndex=1
2025-01-28 00:05:09,441 INFO [server-work-thread-15]	new segment meta info, currentTerm=3, votedFor=3, firstLogIndex=1
2025-01-28 00:05:09,941 INFO [server-work-thread-19]	new segment meta info, currentTerm=3, votedFor=3, firstLogIndex=1
2025-01-28 00:05:10,441 INFO [server-work-thread-19]	new segment meta info, currentTerm=3, votedFor=3, firstLogIndex=1
2025-01-28 00:05:10,941 INFO [server-work-thread-4]	new segment meta info, currentTerm=3, votedFor=3, firstLogIndex=1
2025-01-28 00:05:11,442 INFO [server-work-thread-11]	new segment meta info, currentTerm=3, votedFor=3, firstLogIndex=1
2025-01-28 00:05:11,943 INFO [server-work-thread-2]	new segment meta info, currentTerm=3, votedFor=3, firstLogIndex=1
2025-01-28 00:05:12,442 INFO [server-work-thread-12]	new segment meta info, currentTerm=3, votedFor=3, firstLogIndex=1
2025-01-28 00:05:12,942 INFO [server-work-thread-7]	new segment meta info, currentTerm=3, votedFor=3, firstLogIndex=1
2025-01-28 00:05:13,442 INFO [server-work-thread-3]	new segment meta info, currentTerm=3, votedFor=3, firstLogIndex=1
2025-01-28 00:05:13,942 INFO [server-work-thread-18]	new segment meta info, currentTerm=3, votedFor=3, firstLogIndex=1
2025-01-28 00:05:14,442 INFO [server-work-thread-17]	new segment meta info, currentTerm=3, votedFor=3, firstLogIndex=1
2025-01-28 00:05:14,943 INFO [server-work-thread-6]	new segment meta info, currentTerm=3, votedFor=3, firstLogIndex=1
2025-01-28 00:05:15,443 INFO [server-work-thread-10]	new segment meta info, currentTerm=3, votedFor=3, firstLogIndex=1
2025-01-28 00:05:15,943 INFO [server-work-thread-10]	new segment meta info, currentTerm=3, votedFor=3, firstLogIndex=1
2025-01-28 00:05:16,443 INFO [server-work-thread-4]	new segment meta info, currentTerm=3, votedFor=3, firstLogIndex=1
2025-01-28 00:05:16,944 INFO [server-work-thread-19]	new segment meta info, currentTerm=3, votedFor=3, firstLogIndex=1
2025-01-28 00:05:17,443 INFO [server-work-thread-14]	new segment meta info, currentTerm=3, votedFor=3, firstLogIndex=1
2025-01-28 00:05:17,944 INFO [server-work-thread-12]	new segment meta info, currentTerm=3, votedFor=3, firstLogIndex=1
2025-01-28 00:05:18,444 INFO [server-work-thread-8]	new segment meta info, currentTerm=3, votedFor=3, firstLogIndex=1
2025-01-28 00:05:18,944 INFO [server-work-thread-17]	new segment meta info, currentTerm=3, votedFor=3, firstLogIndex=1
2025-01-28 00:05:19,444 INFO [server-work-thread-17]	new segment meta info, currentTerm=3, votedFor=3, firstLogIndex=1
2025-01-28 00:05:19,944 INFO [server-work-thread-18]	new segment meta info, currentTerm=3, votedFor=3, firstLogIndex=1
2025-01-28 00:05:20,445 INFO [server-work-thread-18]	new segment meta info, currentTerm=3, votedFor=3, firstLogIndex=1
2025-01-28 00:05:20,946 INFO [server-work-thread-16]	new segment meta info, currentTerm=3, votedFor=3, firstLogIndex=1
2025-01-28 00:05:21,445 INFO [server-work-thread-14]	new segment meta info, currentTerm=3, votedFor=3, firstLogIndex=1
2025-01-28 00:05:21,946 INFO [server-work-thread-5]	new segment meta info, currentTerm=3, votedFor=3, firstLogIndex=1
2025-01-28 00:05:22,445 INFO [server-work-thread-17]	new segment meta info, currentTerm=3, votedFor=3, firstLogIndex=1
2025-01-28 00:05:22,946 INFO [server-work-thread-17]	new segment meta info, currentTerm=3, votedFor=3, firstLogIndex=1
2025-01-28 00:05:23,446 INFO [server-work-thread-6]	new segment meta info, currentTerm=3, votedFor=3, firstLogIndex=1
2025-01-28 00:05:23,946 INFO [server-work-thread-20]	new segment meta info, currentTerm=3, votedFor=3, firstLogIndex=1
2025-01-28 00:05:24,446 INFO [server-work-thread-6]	new segment meta info, currentTerm=3, votedFor=3, firstLogIndex=1
2025-01-28 00:05:24,946 INFO [server-work-thread-6]	new segment meta info, currentTerm=3, votedFor=3, firstLogIndex=1
2025-01-28 00:05:25,447 INFO [server-work-thread-1]	new segment meta info, currentTerm=3, votedFor=3, firstLogIndex=1
2025-01-28 00:05:25,947 INFO [server-work-thread-20]	new segment meta info, currentTerm=3, votedFor=3, firstLogIndex=1
2025-01-28 00:05:26,447 INFO [server-work-thread-9]	new segment meta info, currentTerm=3, votedFor=3, firstLogIndex=1
2025-01-28 00:05:26,947 INFO [server-work-thread-9]	new segment meta info, currentTerm=3, votedFor=3, firstLogIndex=1
2025-01-28 00:05:27,447 INFO [server-work-thread-9]	new segment meta info, currentTerm=3, votedFor=3, firstLogIndex=1
2025-01-28 00:05:27,947 INFO [server-work-thread-13]	new segment meta info, currentTerm=3, votedFor=3, firstLogIndex=1
2025-01-28 00:05:28,448 INFO [server-work-thread-13]	new segment meta info, currentTerm=3, votedFor=3, firstLogIndex=1
2025-01-28 00:05:28,949 INFO [server-work-thread-8]	new segment meta info, currentTerm=3, votedFor=3, firstLogIndex=1
2025-01-28 00:05:29,448 INFO [server-work-thread-12]	new segment meta info, currentTerm=3, votedFor=3, firstLogIndex=1
2025-01-28 00:05:29,950 INFO [server-work-thread-12]	new segment meta info, currentTerm=3, votedFor=3, firstLogIndex=1
2025-01-28 00:05:30,448 INFO [server-work-thread-11]	new segment meta info, currentTerm=3, votedFor=3, firstLogIndex=1
2025-01-28 00:05:30,948 INFO [server-work-thread-15]	new segment meta info, currentTerm=3, votedFor=3, firstLogIndex=1
2025-01-28 00:05:31,449 INFO [server-work-thread-15]	new segment meta info, currentTerm=3, votedFor=3, firstLogIndex=1
2025-01-28 00:05:31,949 INFO [server-work-thread-2]	new segment meta info, currentTerm=3, votedFor=3, firstLogIndex=1
2025-01-28 00:05:32,449 INFO [server-work-thread-7]	new segment meta info, currentTerm=3, votedFor=3, firstLogIndex=1
2025-01-28 00:05:32,949 INFO [server-work-thread-7]	new segment meta info, currentTerm=3, votedFor=3, firstLogIndex=1
2025-01-28 00:05:33,450 INFO [server-work-thread-8]	new segment meta info, currentTerm=3, votedFor=3, firstLogIndex=1
2025-01-28 00:05:33,949 INFO [server-work-thread-3]	new segment meta info, currentTerm=3, votedFor=3, firstLogIndex=1
2025-01-28 00:05:34,451 INFO [server-work-thread-3]	new segment meta info, currentTerm=3, votedFor=3, firstLogIndex=1
2025-01-28 00:05:34,951 INFO [server-work-thread-14]	new segment meta info, currentTerm=3, votedFor=3, firstLogIndex=1
2025-01-28 00:05:35,451 INFO [server-work-thread-16]	new segment meta info, currentTerm=3, votedFor=3, firstLogIndex=1
2025-01-28 00:05:35,951 INFO [server-work-thread-10]	new segment meta info, currentTerm=3, votedFor=3, firstLogIndex=1
2025-01-28 00:05:36,452 INFO [server-work-thread-10]	new segment meta info, currentTerm=3, votedFor=3, firstLogIndex=1
2025-01-28 00:05:36,951 INFO [server-work-thread-18]	new segment meta info, currentTerm=3, votedFor=3, firstLogIndex=1
2025-01-28 00:05:37,452 INFO [server-work-thread-2]	new segment meta info, currentTerm=3, votedFor=3, firstLogIndex=1
2025-01-28 00:05:37,952 INFO [server-work-thread-11]	new segment meta info, currentTerm=3, votedFor=3, firstLogIndex=1
2025-01-28 00:05:38,452 INFO [server-work-thread-2]	new segment meta info, currentTerm=3, votedFor=3, firstLogIndex=1
2025-01-28 00:05:38,953 INFO [server-work-thread-11]	new segment meta info, currentTerm=3, votedFor=3, firstLogIndex=1
2025-01-28 00:05:39,452 INFO [server-work-thread-4]	new segment meta info, currentTerm=3, votedFor=3, firstLogIndex=1
2025-01-28 00:05:39,952 INFO [server-work-thread-19]	new segment meta info, currentTerm=3, votedFor=3, firstLogIndex=1
2025-01-28 00:05:40,452 INFO [server-work-thread-16]	new segment meta info, currentTerm=3, votedFor=3, firstLogIndex=1
2025-01-28 00:05:40,953 INFO [server-work-thread-1]	new segment meta info, currentTerm=3, votedFor=3, firstLogIndex=1
2025-01-28 00:05:41,453 INFO [server-work-thread-1]	new segment meta info, currentTerm=3, votedFor=3, firstLogIndex=1
2025-01-28 00:05:41,954 INFO [server-work-thread-20]	new segment meta info, currentTerm=3, votedFor=3, firstLogIndex=1
2025-01-28 00:05:42,453 INFO [server-work-thread-5]	new segment meta info, currentTerm=3, votedFor=3, firstLogIndex=1
2025-01-28 00:05:42,953 INFO [server-work-thread-20]	new segment meta info, currentTerm=3, votedFor=3, firstLogIndex=1
2025-01-28 00:05:43,453 INFO [server-work-thread-20]	new segment meta info, currentTerm=3, votedFor=3, firstLogIndex=1
2025-01-28 00:05:43,953 INFO [server-work-thread-20]	new segment meta info, currentTerm=3, votedFor=3, firstLogIndex=1
2025-01-28 00:05:44,454 INFO [server-work-thread-5]	new segment meta info, currentTerm=3, votedFor=3, firstLogIndex=1
2025-01-28 00:05:44,954 INFO [server-work-thread-19]	new segment meta info, currentTerm=3, votedFor=3, firstLogIndex=1
2025-01-28 00:05:45,454 INFO [server-work-thread-11]	new segment meta info, currentTerm=3, votedFor=3, firstLogIndex=1
2025-01-28 00:05:45,954 INFO [server-work-thread-11]	new segment meta info, currentTerm=3, votedFor=3, firstLogIndex=1
2025-01-28 00:05:46,455 INFO [server-work-thread-14]	new segment meta info, currentTerm=3, votedFor=3, firstLogIndex=1
2025-01-28 00:05:46,970 INFO [server-work-thread-9]	new segment meta info, currentTerm=3, votedFor=3, firstLogIndex=1
2025-01-28 00:05:47,470 INFO [server-work-thread-9]	new segment meta info, currentTerm=3, votedFor=3, firstLogIndex=1
2025-01-28 00:05:47,970 INFO [server-work-thread-17]	new segment meta info, currentTerm=3, votedFor=3, firstLogIndex=1
2025-01-28 00:05:48,470 INFO [server-work-thread-6]	new segment meta info, currentTerm=3, votedFor=3, firstLogIndex=1
2025-01-28 00:05:48,969 INFO [server-work-thread-16]	new segment meta info, currentTerm=3, votedFor=3, firstLogIndex=1
2025-01-28 00:05:49,471 INFO [server-work-thread-16]	new segment meta info, currentTerm=3, votedFor=3, firstLogIndex=1
2025-01-28 00:05:49,971 INFO [server-work-thread-13]	new segment meta info, currentTerm=3, votedFor=3, firstLogIndex=1
2025-01-28 00:05:50,472 INFO [server-work-thread-12]	new segment meta info, currentTerm=3, votedFor=3, firstLogIndex=1
2025-01-28 00:05:50,972 INFO [server-work-thread-12]	new segment meta info, currentTerm=3, votedFor=3, firstLogIndex=1
2025-01-28 00:05:51,470 INFO [server-work-thread-19]	new segment meta info, currentTerm=3, votedFor=3, firstLogIndex=1
2025-01-28 00:05:51,970 INFO [server-work-thread-19]	new segment meta info, currentTerm=3, votedFor=3, firstLogIndex=1
2025-01-28 00:05:52,472 INFO [server-work-thread-15]	new segment meta info, currentTerm=3, votedFor=3, firstLogIndex=1
2025-01-28 00:05:52,971 INFO [server-work-thread-18]	new segment meta info, currentTerm=3, votedFor=3, firstLogIndex=1
2025-01-28 00:05:53,470 INFO [server-work-thread-7]	new segment meta info, currentTerm=3, votedFor=3, firstLogIndex=1
2025-01-28 00:05:53,970 INFO [server-work-thread-8]	new segment meta info, currentTerm=3, votedFor=3, firstLogIndex=1
2025-01-28 00:05:54,471 INFO [server-work-thread-3]	new segment meta info, currentTerm=3, votedFor=3, firstLogIndex=1
2025-01-28 00:05:54,971 INFO [server-work-thread-10]	new segment meta info, currentTerm=3, votedFor=3, firstLogIndex=1
2025-01-28 00:05:55,471 INFO [server-work-thread-10]	new segment meta info, currentTerm=3, votedFor=3, firstLogIndex=1
2025-01-28 00:05:55,972 INFO [server-work-thread-2]	new segment meta info, currentTerm=3, votedFor=3, firstLogIndex=1
2025-01-28 00:05:56,472 INFO [server-work-thread-4]	new segment meta info, currentTerm=3, votedFor=3, firstLogIndex=1
2025-01-28 00:05:56,972 INFO [server-work-thread-1]	new segment meta info, currentTerm=3, votedFor=3, firstLogIndex=1
2025-01-28 00:05:57,472 INFO [server-work-thread-20]	new segment meta info, currentTerm=3, votedFor=3, firstLogIndex=1
2025-01-28 00:05:57,972 INFO [server-work-thread-5]	new segment meta info, currentTerm=3, votedFor=3, firstLogIndex=1
2025-01-28 00:05:58,472 INFO [server-work-thread-5]	new segment meta info, currentTerm=3, votedFor=3, firstLogIndex=1
2025-01-28 00:05:58,973 INFO [server-work-thread-14]	new segment meta info, currentTerm=3, votedFor=3, firstLogIndex=1
2025-01-28 00:05:59,473 INFO [server-work-thread-14]	new segment meta info, currentTerm=3, votedFor=3, firstLogIndex=1
2025-01-28 00:05:59,973 INFO [server-work-thread-11]	new segment meta info, currentTerm=3, votedFor=3, firstLogIndex=1
2025-01-28 00:06:00,474 INFO [server-work-thread-11]	new segment meta info, currentTerm=3, votedFor=3, firstLogIndex=1
2025-01-28 00:06:00,973 INFO [server-work-thread-12]	new segment meta info, currentTerm=3, votedFor=3, firstLogIndex=1
2025-01-28 00:06:01,473 INFO [server-work-thread-14]	new segment meta info, currentTerm=3, votedFor=3, firstLogIndex=1
2025-01-28 00:06:01,973 INFO [server-work-thread-9]	new segment meta info, currentTerm=3, votedFor=3, firstLogIndex=1
2025-01-28 00:06:02,474 INFO [server-work-thread-6]	new segment meta info, currentTerm=3, votedFor=3, firstLogIndex=1
2025-01-28 00:06:02,973 INFO [server-work-thread-17]	new segment meta info, currentTerm=3, votedFor=3, firstLogIndex=1
2025-01-28 00:06:03,473 INFO [server-work-thread-16]	new segment meta info, currentTerm=3, votedFor=3, firstLogIndex=1
2025-01-28 00:06:03,974 INFO [server-work-thread-16]	new segment meta info, currentTerm=3, votedFor=3, firstLogIndex=1
2025-01-28 00:06:04,474 INFO [server-work-thread-13]	new segment meta info, currentTerm=3, votedFor=3, firstLogIndex=1
2025-01-28 00:06:04,974 INFO [server-work-thread-19]	new segment meta info, currentTerm=3, votedFor=3, firstLogIndex=1
2025-01-28 00:06:05,474 INFO [server-work-thread-19]	new segment meta info, currentTerm=3, votedFor=3, firstLogIndex=1
2025-01-28 00:06:05,974 INFO [server-work-thread-18]	new segment meta info, currentTerm=3, votedFor=3, firstLogIndex=1
2025-01-28 00:06:06,474 INFO [server-work-thread-18]	new segment meta info, currentTerm=3, votedFor=3, firstLogIndex=1
2025-01-28 00:06:06,974 INFO [server-work-thread-3]	new segment meta info, currentTerm=3, votedFor=3, firstLogIndex=1
2025-01-28 00:06:07,475 INFO [server-work-thread-3]	new segment meta info, currentTerm=3, votedFor=3, firstLogIndex=1
2025-01-28 00:06:07,975 INFO [server-work-thread-8]	new segment meta info, currentTerm=3, votedFor=3, firstLogIndex=1
2025-01-28 00:06:08,475 INFO [server-work-thread-7]	new segment meta info, currentTerm=3, votedFor=3, firstLogIndex=1
2025-01-28 00:06:08,975 INFO [server-work-thread-7]	new segment meta info, currentTerm=3, votedFor=3, firstLogIndex=1
2025-01-28 00:06:09,475 INFO [server-work-thread-15]	new segment meta info, currentTerm=3, votedFor=3, firstLogIndex=1
2025-01-28 00:06:09,975 INFO [server-work-thread-15]	new segment meta info, currentTerm=3, votedFor=3, firstLogIndex=1
2025-01-28 00:06:10,475 INFO [server-work-thread-10]	new segment meta info, currentTerm=3, votedFor=3, firstLogIndex=1
2025-01-28 00:06:10,976 INFO [server-work-thread-10]	new segment meta info, currentTerm=3, votedFor=3, firstLogIndex=1
2025-01-28 00:06:11,476 INFO [server-work-thread-2]	new segment meta info, currentTerm=3, votedFor=3, firstLogIndex=1
2025-01-28 00:06:11,976 INFO [server-work-thread-2]	new segment meta info, currentTerm=3, votedFor=3, firstLogIndex=1
2025-01-28 00:06:12,477 INFO [server-work-thread-4]	new segment meta info, currentTerm=3, votedFor=3, firstLogIndex=1
2025-01-28 00:06:12,977 INFO [server-work-thread-1]	new segment meta info, currentTerm=3, votedFor=3, firstLogIndex=1
2025-01-28 00:06:13,476 INFO [server-work-thread-20]	new segment meta info, currentTerm=3, votedFor=3, firstLogIndex=1
2025-01-28 00:06:13,977 INFO [server-work-thread-5]	new segment meta info, currentTerm=3, votedFor=3, firstLogIndex=1
2025-01-28 00:06:14,477 INFO [server-work-thread-14]	new segment meta info, currentTerm=3, votedFor=3, firstLogIndex=1
2025-01-28 00:06:14,977 INFO [server-work-thread-12]	new segment meta info, currentTerm=3, votedFor=3, firstLogIndex=1
2025-01-28 00:06:15,477 INFO [server-work-thread-17]	new segment meta info, currentTerm=3, votedFor=3, firstLogIndex=1
2025-01-28 00:06:15,977 INFO [server-work-thread-17]	new segment meta info, currentTerm=3, votedFor=3, firstLogIndex=1
2025-01-28 00:06:16,477 INFO [server-work-thread-9]	new segment meta info, currentTerm=3, votedFor=3, firstLogIndex=1
2025-01-28 00:06:16,977 INFO [server-work-thread-9]	new segment meta info, currentTerm=3, votedFor=3, firstLogIndex=1
2025-01-28 00:06:17,478 INFO [server-work-thread-11]	new segment meta info, currentTerm=3, votedFor=3, firstLogIndex=1
2025-01-28 00:06:17,978 INFO [server-work-thread-9]	new segment meta info, currentTerm=3, votedFor=3, firstLogIndex=1
2025-01-28 00:06:18,478 INFO [server-work-thread-6]	new segment meta info, currentTerm=3, votedFor=3, firstLogIndex=1
2025-01-28 00:06:18,978 INFO [server-work-thread-16]	new segment meta info, currentTerm=3, votedFor=3, firstLogIndex=1
2025-01-28 00:06:19,478 INFO [server-work-thread-13]	new segment meta info, currentTerm=3, votedFor=3, firstLogIndex=1
2025-01-28 00:06:19,979 INFO [server-work-thread-18]	new segment meta info, currentTerm=3, votedFor=3, firstLogIndex=1
2025-01-28 00:06:20,479 INFO [server-work-thread-19]	new segment meta info, currentTerm=3, votedFor=3, firstLogIndex=1
2025-01-28 00:06:20,979 INFO [server-work-thread-3]	new segment meta info, currentTerm=3, votedFor=3, firstLogIndex=1
2025-01-28 00:06:21,479 INFO [server-work-thread-16]	new segment meta info, currentTerm=3, votedFor=3, firstLogIndex=1
2025-01-28 00:06:21,979 INFO [server-work-thread-13]	new segment meta info, currentTerm=3, votedFor=3, firstLogIndex=1
2025-01-28 00:06:22,479 INFO [server-work-thread-18]	new segment meta info, currentTerm=3, votedFor=3, firstLogIndex=1
2025-01-28 00:06:22,979 INFO [server-work-thread-18]	new segment meta info, currentTerm=3, votedFor=3, firstLogIndex=1
2025-01-28 00:06:23,479 INFO [server-work-thread-6]	new segment meta info, currentTerm=3, votedFor=3, firstLogIndex=1
2025-01-28 00:06:23,980 INFO [server-work-thread-16]	new segment meta info, currentTerm=3, votedFor=3, firstLogIndex=1
2025-01-28 00:06:24,480 INFO [server-work-thread-20]	new segment meta info, currentTerm=3, votedFor=3, firstLogIndex=1
2025-01-28 00:06:24,980 INFO [server-work-thread-8]	new segment meta info, currentTerm=3, votedFor=3, firstLogIndex=1
2025-01-28 00:06:25,480 INFO [server-work-thread-19]	new segment meta info, currentTerm=3, votedFor=3, firstLogIndex=1
2025-01-28 00:06:25,980 INFO [server-work-thread-3]	new segment meta info, currentTerm=3, votedFor=3, firstLogIndex=1
2025-01-28 00:06:26,480 INFO [server-work-thread-13]	new segment meta info, currentTerm=3, votedFor=3, firstLogIndex=1
2025-01-28 00:06:26,980 INFO [server-work-thread-7]	new segment meta info, currentTerm=3, votedFor=3, firstLogIndex=1
2025-01-28 00:06:27,481 INFO [server-work-thread-7]	new segment meta info, currentTerm=3, votedFor=3, firstLogIndex=1
2025-01-28 00:06:27,981 INFO [server-work-thread-15]	new segment meta info, currentTerm=3, votedFor=3, firstLogIndex=1
2025-01-28 00:06:28,481 INFO [server-work-thread-6]	new segment meta info, currentTerm=3, votedFor=3, firstLogIndex=1
2025-01-28 00:06:28,982 INFO [server-work-thread-6]	new segment meta info, currentTerm=3, votedFor=3, firstLogIndex=1
2025-01-28 00:06:29,481 INFO [server-work-thread-15]	new segment meta info, currentTerm=3, votedFor=3, firstLogIndex=1
2025-01-28 00:06:29,982 INFO [server-work-thread-13]	new segment meta info, currentTerm=3, votedFor=3, firstLogIndex=1
2025-01-28 00:06:30,482 INFO [server-work-thread-8]	new segment meta info, currentTerm=3, votedFor=3, firstLogIndex=1
2025-01-28 00:06:30,981 INFO [server-work-thread-16]	new segment meta info, currentTerm=3, votedFor=3, firstLogIndex=1
2025-01-28 00:06:31,482 INFO [server-work-thread-16]	new segment meta info, currentTerm=3, votedFor=3, firstLogIndex=1
2025-01-28 00:06:31,982 INFO [server-work-thread-10]	new segment meta info, currentTerm=3, votedFor=3, firstLogIndex=1
2025-01-28 00:06:32,482 INFO [server-work-thread-9]	new segment meta info, currentTerm=3, votedFor=3, firstLogIndex=1
2025-01-28 00:06:32,982 INFO [server-work-thread-20]	new segment meta info, currentTerm=3, votedFor=3, firstLogIndex=1
2025-01-28 00:06:33,482 INFO [server-work-thread-15]	new segment meta info, currentTerm=3, votedFor=3, firstLogIndex=1
2025-01-28 00:06:33,983 INFO [server-work-thread-2]	new segment meta info, currentTerm=3, votedFor=3, firstLogIndex=1
2025-01-28 00:06:34,483 INFO [server-work-thread-20]	new segment meta info, currentTerm=3, votedFor=3, firstLogIndex=1
2025-01-28 00:06:34,983 INFO [server-work-thread-15]	new segment meta info, currentTerm=3, votedFor=3, firstLogIndex=1
2025-01-28 00:06:35,484 INFO [server-work-thread-15]	new segment meta info, currentTerm=3, votedFor=3, firstLogIndex=1
2025-01-28 00:06:35,983 INFO [server-work-thread-9]	new segment meta info, currentTerm=3, votedFor=3, firstLogIndex=1
2025-01-28 00:06:36,483 INFO [server-work-thread-4]	new segment meta info, currentTerm=3, votedFor=3, firstLogIndex=1
2025-01-28 00:06:36,983 INFO [server-work-thread-1]	new segment meta info, currentTerm=3, votedFor=3, firstLogIndex=1
2025-01-28 00:06:37,485 INFO [server-work-thread-1]	new segment meta info, currentTerm=3, votedFor=3, firstLogIndex=1
2025-01-28 00:06:37,985 INFO [server-work-thread-4]	new segment meta info, currentTerm=3, votedFor=3, firstLogIndex=1
2025-01-28 00:06:38,484 INFO [server-work-thread-10]	new segment meta info, currentTerm=3, votedFor=3, firstLogIndex=1
2025-01-28 00:06:38,986 INFO [server-work-thread-2]	new segment meta info, currentTerm=3, votedFor=3, firstLogIndex=1
2025-01-28 00:06:39,485 INFO [server-work-thread-5]	new segment meta info, currentTerm=3, votedFor=3, firstLogIndex=1
2025-01-28 00:06:39,986 INFO [server-work-thread-12]	new segment meta info, currentTerm=3, votedFor=3, firstLogIndex=1
2025-01-28 00:06:40,485 INFO [server-work-thread-8]	new segment meta info, currentTerm=3, votedFor=3, firstLogIndex=1
2025-01-28 00:06:40,985 INFO [server-work-thread-14]	new segment meta info, currentTerm=3, votedFor=3, firstLogIndex=1
2025-01-28 00:06:41,486 INFO [server-work-thread-17]	new segment meta info, currentTerm=3, votedFor=3, firstLogIndex=1
2025-01-28 00:06:41,986 INFO [server-work-thread-11]	new segment meta info, currentTerm=3, votedFor=3, firstLogIndex=1
2025-01-28 00:06:42,488 INFO [server-work-thread-11]	new segment meta info, currentTerm=3, votedFor=3, firstLogIndex=1
2025-01-28 00:06:42,988 INFO [server-work-thread-8]	new segment meta info, currentTerm=3, votedFor=3, firstLogIndex=1
2025-01-28 00:06:43,489 INFO [server-work-t